<?xml version="1.0" encoding="UTF-8"?>
<!-- Generated by org.testng.reporters.JUnitXMLReporter -->
<testsuite hostname="CORP-PF00HQD9" name="MonthlyShoeDisplaysTest" tests="14" failures="0" timestamp="29 Apr 2016 01:32:14 GMT" time="136.577" errors="0">
  <testcase name="testMonthlyShoeDisplays" time="18.016" classname="test.ShoeShopTest"/>
  <testcase name="testMonthlyShoeDisplays" time="5.327" classname="test.ShoeShopTest"/>
  <testcase name="testMonthlyShoeDisplays" time="5.643" classname="test.ShoeShopTest"/>
  <testcase name="testMonthlyShoeDisplays" time="5.461" classname="test.ShoeShopTest"/>
  <testcase name="testMonthlyShoeDisplays" time="6.111" classname="test.ShoeShopTest"/>
  <testcase name="testMonthlyShoeDisplays" time="5.376" classname="test.ShoeShopTest"/>
  <testcase name="testMonthlyShoeDisplays" time="6.148" classname="test.ShoeShopTest"/>
  <testcase name="testMonthlyShoeDisplays" time="5.563" classname="test.ShoeShopTest"/>
  <testcase name="testMonthlyShoeDisplays" time="6.37" classname="test.ShoeShopTest"/>
  <testcase name="testMonthlyShoeDisplays" time="6.05" classname="test.ShoeShopTest"/>
  <testcase name="testMonthlyShoeDisplays" time="4.822" classname="test.ShoeShopTest"/>
  <testcase name="testMonthlyShoeDisplays" time="23.808" classname="test.ShoeShopTest"/>
  <testcase name="testMonthlyShoeDisplays" time="17.291" classname="test.ShoeShopTest"/>
  <testcase name="testUserEmailSubscription" time="3.937" classname="test.ShoeShopTest"/>
</testsuite> <!-- MonthlyShoeDisplaysTest -->
