<?xml version="1.0" encoding="UTF-8"?>
<!-- Generated by org.testng.reporters.JUnitXMLReporter -->
<testsuite hostname="CORP-PF00HQD9" name="UserEmailSubscriptionTest" tests="14" failures="0" timestamp="29 Apr 2016 01:34:25 GMT" time="130.709" errors="0">
  <testcase name="testMonthlyShoeDisplays" time="12.839" classname="test.ShoeShopTest"/>
  <testcase name="testMonthlyShoeDisplays" time="6.331" classname="test.ShoeShopTest"/>
  <testcase name="testMonthlyShoeDisplays" time="5.173" classname="test.ShoeShopTest"/>
  <testcase name="testMonthlyShoeDisplays" time="8.977" classname="test.ShoeShopTest"/>
  <testcase name="testMonthlyShoeDisplays" time="5.428" classname="test.ShoeShopTest"/>
  <testcase name="testMonthlyShoeDisplays" time="5.09" classname="test.ShoeShopTest"/>
  <testcase name="testMonthlyShoeDisplays" time="5.096" classname="test.ShoeShopTest"/>
  <testcase name="testMonthlyShoeDisplays" time="5.512" classname="test.ShoeShopTest"/>
  <testcase name="testMonthlyShoeDisplays" time="4.995" classname="test.ShoeShopTest"/>
  <testcase name="testMonthlyShoeDisplays" time="5.928" classname="test.ShoeShopTest"/>
  <testcase name="testMonthlyShoeDisplays" time="5.648" classname="test.ShoeShopTest"/>
  <testcase name="testMonthlyShoeDisplays" time="23.739" classname="test.ShoeShopTest"/>
  <testcase name="testMonthlyShoeDisplays" time="16.593" classname="test.ShoeShopTest"/>
  <testcase name="testUserEmailSubscription" time="3.884" classname="test.ShoeShopTest"/>
</testsuite> <!-- UserEmailSubscriptionTest -->
